# JRE version: OpenJDK Runtime Environment Temurin-21.0.10+7 (21.0.10+7) (build 21.0.10+7-LTS)
# Java VM: OpenJDK 64-Bit Server VM Temurin-21.0.10+7 (21.0.10+7-LTS, mixed mode, sharing, tiered, compressed oops, compressed class ptrs, parallel gc, windows-amd64)
GC Precious Log:
 CardTable entry size: 512
 CPUs: 4 total, 4 available
 Memory: 7886M
 Large Page Support: Disabled
 NUMA Support: Disabled
 Compressed Oops: Enabled (32-bit)
 Alignments: Space 512K, Generation 512K, Heap 2M
 Heap Min Capacity: 100M
 Heap Initial Capacity: 100M
 Heap Max Capacity: 2G
 Pre-touch: Disabled
 Parallel Workers: 4
Heap:
 PSYoungGen      total 4096K, used 1505K [0x00000000d5580000, 0x00000000d5a80000, 0x0000000100000000)
  eden space 3584K, 35% used [0x00000000d5580000,0x00000000d56c0500,0x00000000d5900000)
  from space 512K, 43% used [0x00000000d5a00000,0x00000000d5a38000,0x00000000d5a80000)
  to   space 512K, 0% used [0x00000000d5900000,0x00000000d5900000,0x00000000d5980000)
 ParOldGen       total 1111552K, used 1111294K [0x0000000080000000, 0x00000000c3d80000, 0x00000000d5580000)
  object space 1111552K, 99% used [0x0000000080000000,0x00000000c3d3fad8,0x00000000c3d80000)
 Metaspace       used 82451K, committed 84352K, reserved 1179648K
  class space    used 8467K, committed 9280K, reserved 1048576K
GC Heap History (20 events):
Event: 4007.523 GC heap before
{Heap before GC invocations=987 (full 4):
 PSYoungGen      total 4608K, used 4480K [0x00000000d5580000, 0x00000000d5b00000, 0x0000000100000000)
  eden space 4096K, 100% used [0x00000000d5580000,0x00000000d5980000,0x00000000d5980000)
  from space 512K, 75% used [0x00000000d5a80000,0x00000000d5ae0000,0x00000000d5b00000)
  to   space 512K, 0% used [0x00000000d5a00000,0x00000000d5a00000,0x00000000d5a80000)
 ParOldGen       total 1106944K, used 1106740K [0x0000000080000000, 0x00000000c3900000, 0x00000000d5580000)
  object space 1106944K, 99% used [0x0000000080000000,0x00000000c38cd230,0x00000000c3900000)
 Metaspace       used 82339K, committed 84160K, reserved 1179648K
  class space    used 8463K, committed 9280K, reserved 1048576K
}
Event: 4007.529 GC heap after
{Heap after GC invocations=987 (full 4):
 PSYoungGen      total 4608K, used 500K [0x00000000d5580000, 0x00000000d5c80000, 0x0000000100000000)
  eden space 4096K, 0% used [0x00000000d5580000,0x00000000d5580000,0x00000000d5980000)
  from space 512K, 97% used [0x00000000d5a00000,0x00000000d5a7d200,0x00000000d5a80000)
  to   space 1536K, 0% used [0x00000000d5b00000,0x00000000d5b00000,0x00000000d5c80000)
 ParOldGen       total 1107456K, used 1107302K [0x0000000080000000, 0x00000000c3980000, 0x00000000d5580000)
  object space 1107456K, 99% used [0x0000000080000000,0x00000000c39599a0,0x00000000c3980000)
 Metaspace       used 82339K, committed 84160K, reserved 1179648K
  class space    used 8463K, committed 9280K, reserved 1048576K
}
Event: 4007.540 GC heap before
{Heap before GC invocations=988 (full 4):
 PSYoungGen      total 4608K, used 4596K [0x00000000d5580000, 0x00000000d5c80000, 0x0000000100000000)
  eden space 4096K, 100% used [0x00000000d5580000,0x00000000d5980000,0x00000000d5980000)
  from space 512K, 97% used [0x00000000d5a00000,0x00000000d5a7d200,0x00000000d5a80000)
  to   space 1536K, 0% used [0x00000000d5b00000,0x00000000d5b00000,0x00000000d5c80000)
 ParOldGen       total 1107456K, used 1107302K [0x0000000080000000, 0x00000000c3980000, 0x00000000d5580000)
  object space 1107456K, 99% used [0x0000000080000000,0x00000000c39599a0,0x00000000c3980000)
 Metaspace       used 82339K, committed 84160K, reserved 1179648K
  class space    used 8463K, committed 9280K, reserved 1048576K
}
Event: 4007.546 GC heap after
{Heap after GC invocations=988 (full 4):
 PSYoungGen      total 4608K, used 384K [0x00000000d5580000, 0x00000000d5b80000, 0x0000000100000000)
  eden space 4096K, 0% used [0x00000000d5580000,0x00000000d5580000,0x00000000d5980000)
  from space 512K, 75% used [0x00000000d5b00000,0x00000000d5b60000,0x00000000d5b80000)
  to   space 1024K, 0% used [0x00000000d5980000,0x00000000d5980000,0x00000000d5a80000)
 ParOldGen       total 1107968K, used 1107814K [0x0000000080000000, 0x00000000c3a00000, 0x00000000d5580000)
  object space 1107968K, 99% used [0x0000000080000000,0x00000000c39d9a90,0x00000000c3a00000)
 Metaspace       used 82339K, committed 84160K, reserved 1179648K
  class space    used 8463K, committed 9280K, reserved 1048576K
}
Event: 4007.984 GC heap before
{Heap before GC invocations=989 (full 4):
 PSYoungGen      total 4608K, used 4480K [0x00000000d5580000, 0x00000000d5b80000, 0x0000000100000000)
  eden space 4096K, 100% used [0x00000000d5580000,0x00000000d5980000,0x00000000d5980000)
  from space 512K, 75% used [0x00000000d5b00000,0x00000000d5b60000,0x00000000d5b80000)
  to   space 1024K, 0% used [0x00000000d5980000,0x00000000d5980000,0x00000000d5a80000)
 ParOldGen       total 1107968K, used 1107814K [0x0000000080000000, 0x00000000c3a00000, 0x00000000d5580000)
  object space 1107968K, 99% used [0x0000000080000000,0x00000000c39d9a90,0x00000000c3a00000)
 Metaspace       used 82340K, committed 84160K, reserved 1179648K
  class space    used 8463K, committed 9280K, reserved 1048576K
}
Event: 4007.990 GC heap after
{Heap after GC invocations=989 (full 4):
 PSYoungGen      total 5120K, used 512K [0x00000000d5580000, 0x00000000d5b80000, 0x0000000100000000)
  eden space 4096K, 0% used [0x00000000d5580000,0x00000000d5580000,0x00000000d5980000)
  from space 1024K, 50% used [0x00000000d5980000,0x00000000d5a00000,0x00000000d5a80000)
  to   space 1024K, 0% used [0x00000000d5a80000,0x00000000d5a80000,0x00000000d5b80000)
 ParOldGen       total 1108480K, used 1108106K [0x0000000080000000, 0x00000000c3a80000, 0x00000000d5580000)
  object space 1108480K, 99% used [0x0000000080000000,0x00000000c3a22aa0,0x00000000c3a80000)
 Metaspace       used 82340K, committed 84160K, reserved 1179648K
  class space    used 8463K, committed 9280K, reserved 1048576K
}
Event: 4008.022 GC heap before
{Heap before GC invocations=990 (full 4):
 PSYoungGen      total 5120K, used 4608K [0x00000000d5580000, 0x00000000d5b80000, 0x0000000100000000)
  eden space 4096K, 100% used [0x00000000d5580000,0x00000000d5980000,0x00000000d5980000)
  from space 1024K, 50% used [0x00000000d5980000,0x00000000d5a00000,0x00000000d5a80000)
  to   space 1024K, 0% used [0x00000000d5a80000,0x00000000d5a80000,0x00000000d5b80000)
 ParOldGen       total 1108480K, used 1108106K [0x0000000080000000, 0x00000000c3a80000, 0x00000000d5580000)
  object space 1108480K, 99% used [0x0000000080000000,0x00000000c3a22aa0,0x00000000c3a80000)
 Metaspace       used 82340K, committed 84160K, reserved 1179648K
  class space    used 8463K, committed 9280K, reserved 1048576K
}
Event: 4008.025 GC heap after
{Heap after GC invocations=990 (full 4):
 PSYoungGen      total 5120K, used 548K [0x00000000d5580000, 0x00000000d5b80000, 0x0000000100000000)
  eden space 4096K, 0% used [0x00000000d5580000,0x00000000d5580000,0x00000000d5980000)
  from space 1024K, 53% used [0x00000000d5a80000,0x00000000d5b09210,0x00000000d5b80000)
  to   space 1024K, 0% used [0x00000000d5980000,0x00000000d5980000,0x00000000d5a80000)
 ParOldGen       total 1108992K, used 1108566K [0x0000000080000000, 0x00000000c3b00000, 0x00000000d5580000)
  object space 1108992K, 99% used [0x0000000080000000,0x00000000c3a95990,0x00000000c3b00000)
 Metaspace       used 82340K, committed 84160K, reserved 1179648K
  class space    used 8463K, committed 9280K, reserved 1048576K
}
Event: 4008.268 GC heap before
{Heap before GC invocations=991 (full 4):
 PSYoungGen      total 5120K, used 4644K [0x00000000d5580000, 0x00000000d5b80000, 0x0000000100000000)
  eden space 4096K, 99% used [0x00000000d5580000,0x00000000d597fff0,0x00000000d5980000)
  from space 1024K, 53% used [0x00000000d5a80000,0x00000000d5b09210,0x00000000d5b80000)
  to   space 1024K, 0% used [0x00000000d5980000,0x00000000d5980000,0x00000000d5a80000)
 ParOldGen       total 1108992K, used 1108566K [0x0000000080000000, 0x00000000c3b00000, 0x00000000d5580000)
  object space 1108992K, 99% used [0x0000000080000000,0x00000000c3a95990,0x00000000c3b00000)
 Metaspace       used 82379K, committed 84224K, reserved 1179648K
  class space    used 8463K, committed 9280K, reserved 1048576K
}
Event: 4008.271 GC heap after
{Heap after GC invocations=991 (full 4):
 PSYoungGen      total 5120K, used 640K [0x00000000d5580000, 0x00000000d5b80000, 0x0000000100000000)
  eden space 4096K, 0% used [0x00000000d5580000,0x00000000d5580000,0x00000000d5980000)
  from space 1024K, 62% used [0x00000000d5980000,0x00000000d5a20000,0x00000000d5a80000)
  to   space 1024K, 0% used [0x00000000d5a80000,0x00000000d5a80000,0x00000000d5b80000)
 ParOldGen       total 1108992K, used 1108986K [0x0000000080000000, 0x00000000c3b00000, 0x00000000d5580000)
  object space 1108992K, 99% used [0x0000000080000000,0x00000000c3afeba0,0x00000000c3b00000)
 Metaspace       used 82379K, committed 84224K, reserved 1179648K
  class space    used 8463K, committed 9280K, reserved 1048576K
}
Event: 4008.772 GC heap before
{Heap before GC invocations=992 (full 4):
 PSYoungGen      total 5120K, used 4736K [0x00000000d5580000, 0x00000000d5b80000, 0x0000000100000000)
  eden space 4096K, 100% used [0x00000000d5580000,0x00000000d5980000,0x00000000d5980000)
  from space 1024K, 62% used [0x00000000d5980000,0x00000000d5a20000,0x00000000d5a80000)
  to   space 1024K, 0% used [0x00000000d5a80000,0x00000000d5a80000,0x00000000d5b80000)
 ParOldGen       total 1108992K, used 1108986K [0x0000000080000000, 0x00000000c3b00000, 0x00000000d5580000)
  object space 1108992K, 99% used [0x0000000080000000,0x00000000c3afeba0,0x00000000c3b00000)
 Metaspace       used 82398K, committed 84224K, reserved 1179648K
  class space    used 8465K, committed 9280K, reserved 1048576K
}
Event: 4008.775 GC heap after
{Heap after GC invocations=992 (full 4):
 PSYoungGen      total 5120K, used 442K [0x00000000d5580000, 0x00000000d5b80000, 0x0000000100000000)
  eden space 4096K, 0% used [0x00000000d5580000,0x00000000d5580000,0x00000000d5980000)
  from space 1024K, 43% used [0x00000000d5a80000,0x00000000d5aee900,0x00000000d5b80000)
  to   space 1024K, 0% used [0x00000000d5980000,0x00000000d5980000,0x00000000d5a80000)
 ParOldGen       total 1110016K, used 1109538K [0x0000000080000000, 0x00000000c3c00000, 0x00000000d5580000)
  object space 1110016K, 99% used [0x0000000080000000,0x00000000c3b88ba0,0x00000000c3c00000)
 Metaspace       used 82398K, committed 84224K, reserved 1179648K
  class space    used 8465K, committed 9280K, reserved 1048576K
}
Event: 4008.799 GC heap before
{Heap before GC invocations=993 (full 4):
 PSYoungGen      total 5120K, used 4538K [0x00000000d5580000, 0x00000000d5b80000, 0x0000000100000000)
  eden space 4096K, 99% used [0x00000000d5580000,0x00000000d597fff8,0x00000000d5980000)
  from space 1024K, 43% used [0x00000000d5a80000,0x00000000d5aee900,0x00000000d5b80000)
  to   space 1024K, 0% used [0x00000000d5980000,0x00000000d5980000,0x00000000d5a80000)
 ParOldGen       total 1110016K, used 1109538K [0x0000000080000000, 0x00000000c3c00000, 0x00000000d5580000)
  object space 1110016K, 99% used [0x0000000080000000,0x00000000c3b88ba0,0x00000000c3c00000)
 Metaspace       used 82399K, committed 84224K, reserved 1179648K
  class space    used 8465K, committed 9280K, reserved 1048576K
}
Event: 4008.802 GC heap after
{Heap after GC invocations=993 (full 4):
 PSYoungGen      total 5120K, used 448K [0x00000000d5580000, 0x00000000d5b00000, 0x0000000100000000)
  eden space 4096K, 0% used [0x00000000d5580000,0x00000000d5580000,0x00000000d5980000)
  from space 1024K, 43% used [0x00000000d5980000,0x00000000d59f0000,0x00000000d5a80000)
  to   space 512K, 0% used [0x00000000d5a80000,0x00000000d5a80000,0x00000000d5b00000)
 ParOldGen       total 1110016K, used 1109921K [0x0000000080000000, 0x00000000c3c00000, 0x00000000d5580000)
  object space 1110016K, 99% used [0x0000000080000000,0x00000000c3be85c0,0x00000000c3c00000)
 Metaspace       used 82399K, committed 84224K, reserved 1179648K
  class space    used 8465K, committed 9280K, reserved 1048576K
}
Event: 4008.821 GC heap before
{Heap before GC invocations=994 (full 4):
 PSYoungGen      total 5120K, used 4543K [0x00000000d5580000, 0x00000000d5b00000, 0x0000000100000000)
  eden space 4096K, 99% used [0x00000000d5580000,0x00000000d597ffd0,0x00000000d5980000)
  from space 1024K, 43% used [0x00000000d5980000,0x00000000d59f0000,0x00000000d5a80000)
  to   space 512K, 0% used [0x00000000d5a80000,0x00000000d5a80000,0x00000000d5b00000)
 ParOldGen       total 1110016K, used 1109921K [0x0000000080000000, 0x00000000c3c00000, 0x00000000d5580000)
  object space 1110016K, 99% used [0x0000000080000000,0x00000000c3be85c0,0x00000000c3c00000)
 Metaspace       used 82399K, committed 84224K, reserved 1179648K
  class space    used 8465K, committed 9280K, reserved 1048576K
}
Event: 4008.823 GC heap after
{Heap after GC invocations=994 (full 4):
 PSYoungGen      total 4096K, used 500K [0x00000000d5580000, 0x00000000d5c80000, 0x0000000100000000)
  eden space 3584K, 0% used [0x00000000d5580000,0x00000000d5580000,0x00000000d5900000)
  from space 512K, 97% used [0x00000000d5a80000,0x00000000d5afd200,0x00000000d5b00000)
  to   space 1536K, 0% used [0x00000000d5900000,0x00000000d5900000,0x00000000d5a80000)
 ParOldGen       total 1110528K, used 1110377K [0x0000000080000000, 0x00000000c3c80000, 0x00000000d5580000)
  object space 1110528K, 99% used [0x0000000080000000,0x00000000c3c5a5c0,0x00000000c3c80000)
 Metaspace       used 82399K, committed 84224K, reserved 1179648K
  class space    used 8465K, committed 9280K, reserved 1048576K
}
Event: 4031.660 GC heap before
{Heap before GC invocations=995 (full 4):
 PSYoungGen      total 4096K, used 4076K [0x00000000d5580000, 0x00000000d5c80000, 0x0000000100000000)
  eden space 3584K, 99% used [0x00000000d5580000,0x00000000d58fe0e8,0x00000000d5900000)
  from space 512K, 97% used [0x00000000d5a80000,0x00000000d5afd200,0x00000000d5b00000)
  to   space 1536K, 0% used [0x00000000d5900000,0x00000000d5900000,0x00000000d5a80000)
 ParOldGen       total 1110528K, used 1110377K [0x0000000080000000, 0x00000000c3c80000, 0x00000000d5580000)
  object space 1110528K, 99% used [0x0000000080000000,0x00000000c3c5a5c0,0x00000000c3c80000)
 Metaspace       used 82406K, committed 84288K, reserved 1179648K
  class space    used 8465K, committed 9280K, reserved 1048576K
}
Event: 4031.689 GC heap after
{Heap after GC invocations=995 (full 4):
 PSYoungGen      total 4096K, used 512K [0x00000000d5580000, 0x00000000d5b00000, 0x0000000100000000)
  eden space 3584K, 0% used [0x00000000d5580000,0x00000000d5580000,0x00000000d5900000)
  from space 512K, 100% used [0x00000000d5900000,0x00000000d5980000,0x00000000d5980000)
  to   space 1024K, 0% used [0x00000000d5a00000,0x00000000d5a00000,0x00000000d5b00000)
 ParOldGen       total 1111040K, used 1110856K [0x0000000080000000, 0x00000000c3d00000, 0x00000000d5580000)
  object space 1111040K, 99% used [0x0000000080000000,0x00000000c3cd2358,0x00000000c3d00000)
 Metaspace       used 82406K, committed 84288K, reserved 1179648K
  class space    used 8465K, committed 9280K, reserved 1048576K
}
Event: 4032.881 GC heap before
{Heap before GC invocations=996 (full 4):
 PSYoungGen      total 4096K, used 4096K [0x00000000d5580000, 0x00000000d5b00000, 0x0000000100000000)
  eden space 3584K, 100% used [0x00000000d5580000,0x00000000d5900000,0x00000000d5900000)
  from space 512K, 100% used [0x00000000d5900000,0x00000000d5980000,0x00000000d5980000)
  to   space 1024K, 0% used [0x00000000d5a00000,0x00000000d5a00000,0x00000000d5b00000)
 ParOldGen       total 1111040K, used 1110856K [0x0000000080000000, 0x00000000c3d00000, 0x00000000d5580000)
  object space 1111040K, 99% used [0x0000000080000000,0x00000000c3cd2358,0x00000000c3d00000)
 Metaspace       used 82427K, committed 84288K, reserved 1179648K
  class space    used 8467K, committed 9280K, reserved 1048576K
}
Event: 4032.885 GC heap after
{Heap after GC invocations=996 (full 4):
 PSYoungGen      total 4096K, used 224K [0x00000000d5580000, 0x00000000d5a80000, 0x0000000100000000)
  eden space 3584K, 0% used [0x00000000d5580000,0x00000000d5580000,0x00000000d5900000)
  from space 512K, 43% used [0x00000000d5a00000,0x00000000d5a38000,0x00000000d5a80000)
  to   space 512K, 0% used [0x00000000d5900000,0x00000000d5900000,0x00000000d5980000)
 ParOldGen       total 1111552K, used 1111294K [0x0000000080000000, 0x00000000c3d80000, 0x00000000d5580000)
  object space 1111552K, 99% used [0x0000000080000000,0x00000000c3d3fad8,0x00000000c3d80000)
 Metaspace       used 82427K, committed 84288K, reserved 1179648K
  class space    used 8467K, committed 9280K, reserved 1048576K
}

